# JRE version: OpenJDK Runtime Environment (11.0.15) (build 11.0.15+0-b2043.56-8887301)
# Java VM: OpenJDK 64-Bit Server VM (11.0.15+0-b2043.56-8887301, mixed mode, tiered, compressed oops, g1 gc, windows-amd64)
Heap:
 garbage-first heap   total 157696K, used 113259K [0x0000000080000000, 0x0000000100000000)
  region size 1024K, 1 young (1024K), 1 survivors (1024K)
 Metaspace       used 63322K, capacity 65258K, committed 65488K, reserved 1105920K
  class space    used 8067K, capacity 8777K, committed 8832K, reserved 1048576K
GC Heap History (20 events):
Event: 36.477 GC heap after
{Heap after GC invocations=37 (full 0):
 garbage-first heap   total 131072K, used 101754K [0x0000000080000000, 0x0000000100000000)
  region size 1024K, 1 young (1024K), 1 survivors (1024K)
 Metaspace       used 54938K, capacity 56610K, committed 56784K, reserved 1097728K
  class space    used 7038K, capacity 7689K, committed 7808K, reserved 1048576K
}
Event: 36.698 GC heap before
{Heap before GC invocations=37 (full 0):
 garbage-first heap   total 131072K, used 109946K [0x0000000080000000, 0x0000000100000000)
  region size 1024K, 9 young (9216K), 1 survivors (1024K)
 Metaspace       used 55880K, capacity 57605K, committed 57808K, reserved 1099776K
  class space    used 7156K, capacity 7786K, committed 7808K, reserved 1048576K
}
Event: 36.701 GC heap after
{Heap after GC invocations=38 (full 0):
 garbage-first heap   total 131072K, used 101970K [0x0000000080000000, 0x0000000100000000)
  region size 1024K, 1 young (1024K), 1 survivors (1024K)
 Metaspace       used 55880K, capacity 57605K, committed 57808K, reserved 1099776K
  class space    used 7156K, capacity 7786K, committed 7808K, reserved 1048576K
}
Event: 37.053 GC heap before
{Heap before GC invocations=39 (full 0):
 garbage-first heap   total 131072K, used 110162K [0x0000000080000000, 0x0000000100000000)
  region size 1024K, 10 young (10240K), 1 survivors (1024K)
 Metaspace       used 56975K, capacity 58788K, committed 59088K, reserved 1099776K
  class space    used 7292K, capacity 7984K, committed 8064K, reserved 1048576K
}
Event: 37.056 GC heap after
{Heap after GC invocations=40 (full 0):
 garbage-first heap   total 131072K, used 102376K [0x0000000080000000, 0x0000000100000000)
  region size 1024K, 2 young (2048K), 2 survivors (2048K)
 Metaspace       used 56975K, capacity 58788K, committed 59088K, reserved 1099776K
  class space    used 7292K, capacity 7984K, committed 8064K, reserved 1048576K
}
Event: 37.332 GC heap before
{Heap before GC invocations=40 (full 0):
 garbage-first heap   total 131072K, used 111592K [0x0000000080000000, 0x0000000100000000)
  region size 1024K, 11 young (11264K), 2 survivors (2048K)
 Metaspace       used 58682K, capacity 60502K, committed 60752K, reserved 1101824K
  class space    used 7461K, capacity 8150K, committed 8192K, reserved 1048576K
}
Event: 37.334 GC heap after
{Heap after GC invocations=41 (full 0):
 garbage-first heap   total 131072K, used 102547K [0x0000000080000000, 0x0000000100000000)
  region size 1024K, 2 young (2048K), 2 survivors (2048K)
 Metaspace       used 58682K, capacity 60502K, committed 60752K, reserved 1101824K
  class space    used 7461K, capacity 8150K, committed 8192K, reserved 1048576K
}
Event: 37.604 GC heap before
{Heap before GC invocations=42 (full 0):
 garbage-first heap   total 131072K, used 111763K [0x0000000080000000, 0x0000000100000000)
  region size 1024K, 11 young (11264K), 2 survivors (2048K)
 Metaspace       used 59478K, capacity 61368K, committed 61392K, reserved 1101824K
  class space    used 7587K, capacity 8313K, committed 8320K, reserved 1048576K
}
Event: 37.607 GC heap after
{Heap after GC invocations=43 (full 0):
 garbage-first heap   total 131072K, used 102994K [0x0000000080000000, 0x0000000100000000)
  region size 1024K, 2 young (2048K), 2 survivors (2048K)
 Metaspace       used 59478K, capacity 61368K, committed 61392K, reserved 1101824K
  class space    used 7587K, capacity 8313K, committed 8320K, reserved 1048576K
}
Event: 37.920 GC heap before
{Heap before GC invocations=43 (full 0):
 garbage-first heap   total 131072K, used 112210K [0x0000000080000000, 0x0000000100000000)
  region size 1024K, 11 young (11264K), 2 survivors (2048K)
 Metaspace       used 61160K, capacity 63093K, committed 63184K, reserved 1103872K
  class space    used 7817K, capacity 8571K, committed 8576K, reserved 1048576K
}
Event: 37.925 GC heap after
{Heap after GC invocations=44 (full 0):
 garbage-first heap   total 131072K, used 103493K [0x0000000080000000, 0x0000000100000000)
  region size 1024K, 2 young (2048K), 2 survivors (2048K)
 Metaspace       used 61160K, capacity 63093K, committed 63184K, reserved 1103872K
  class space    used 7817K, capacity 8571K, committed 8576K, reserved 1048576K
}
Event: 38.406 GC heap before
{Heap before GC invocations=45 (full 0):
 garbage-first heap   total 131072K, used 112709K [0x0000000080000000, 0x0000000100000000)
  region size 1024K, 11 young (11264K), 2 survivors (2048K)
 Metaspace       used 63058K, capacity 64945K, committed 65232K, reserved 1105920K
  class space    used 8031K, capacity 8741K, committed 8832K, reserved 1048576K
}
Event: 38.411 GC heap after
{Heap after GC invocations=46 (full 0):
 garbage-first heap   total 131072K, used 105185K [0x0000000080000000, 0x0000000100000000)
  region size 1024K, 2 young (2048K), 2 survivors (2048K)
 Metaspace       used 63058K, capacity 64945K, committed 65232K, reserved 1105920K
  class space    used 8031K, capacity 8741K, committed 8832K, reserved 1048576K
}
Event: 38.448 GC heap before
{Heap before GC invocations=46 (full 0):
 garbage-first heap   total 131072K, used 106209K [0x0000000080000000, 0x0000000100000000)
  region size 1024K, 4 young (4096K), 2 survivors (2048K)
 Metaspace       used 63093K, capacity 65009K, committed 65232K, reserved 1105920K
  class space    used 8035K, capacity 8741K, committed 8832K, reserved 1048576K
}
Event: 38.453 GC heap after
{Heap after GC invocations=47 (full 0):
 garbage-first heap   total 131072K, used 105876K [0x0000000080000000, 0x0000000100000000)
  region size 1024K, 1 young (1024K), 1 survivors (1024K)
 Metaspace       used 63093K, capacity 65009K, committed 65232K, reserved 1105920K
  class space    used 8035K, capacity 8741K, committed 8832K, reserved 1048576K
}
Event: 38.485 GC heap before
{Heap before GC invocations=47 (full 0):
 garbage-first heap   total 131072K, used 116116K [0x0000000080000000, 0x0000000100000000)
  region size 1024K, 6 young (6144K), 1 survivors (1024K)
 Metaspace       used 63093K, capacity 65009K, committed 65232K, reserved 1105920K
  class space    used 8035K, capacity 8741K, committed 8832K, reserved 1048576K
}
Event: 38.488 GC heap after
{Heap after GC invocations=48 (full 0):
 garbage-first heap   total 131072K, used 110569K [0x0000000080000000, 0x0000000100000000)
  region size 1024K, 1 young (1024K), 1 survivors (1024K)
 Metaspace       used 63093K, capacity 65009K, committed 65232K, reserved 1105920K
  class space    used 8035K, capacity 8741K, committed 8832K, reserved 1048576K
}
Event: 38.597 GC heap before
{Heap before GC invocations=49 (full 0):
 garbage-first heap   total 131072K, used 114665K [0x0000000080000000, 0x0000000100000000)
  region size 1024K, 6 young (6144K), 1 survivors (1024K)
 Metaspace       used 63102K, capacity 65015K, committed 65232K, reserved 1105920K
  class space    used 8035K, capacity 8742K, committed 8832K, reserved 1048576K
}
Event: 38.600 GC heap after
{Heap after GC invocations=50 (full 0):
 garbage-first heap   total 131072K, used 112597K [0x0000000080000000, 0x0000000100000000)
  region size 1024K, 1 young (1024K), 1 survivors (1024K)
 Metaspace       used 63102K, capacity 65015K, committed 65232K, reserved 1105920K
  class space    used 8035K, capacity 8742K, committed 8832K, reserved 1048576K
}
Event: 38.749 GC heap before
{Heap before GC invocations=51 (full 0):
 garbage-first heap   total 131072K, used 119765K [0x0000000080000000, 0x0000000100000000)
  region size 1024K, 6 young (6144K), 1 survivors (1024K)
 Metaspace       used 63322K, capacity 65258K, committed 65488K, reserved 1105920K
  class space    used 8067K, capacity 8777K, committed 8832K, reserved 1048576K
}

